2026-03-26 15:04:18,595 - INFO - ================================================================================
2026-03-26 15:04:18,596 - INFO - НАЧАЛО ОБНОВЛЕНИЯ ДАННЫХ SELECTYRE
2026-03-26 15:04:18,596 - INFO - Время запуска: 2026-03-26 15:04:18
2026-03-26 15:04:18,596 - INFO - ================================================================================
2026-03-26 15:04:19,979 - INFO - ✓ Подключение к БД установлено
2026-03-26 15:04:20,429 - INFO - 
Текущее состояние БД:
2026-03-26 15:04:20,429 - INFO -   Записей: 6829
2026-03-26 15:04:20,429 - INFO -   Последнее обновление: 2026-03-26 09:58:41.199489
2026-03-26 15:04:20,429 - INFO - Скачивание CSV из https://files.selectyre.ru/a42eab22-713d-4cf4-b618-b9b4d4a8d09c.csv...
2026-03-26 15:04:22,974 - INFO - ✓ CSV скачан успешно (2.22 MB)
2026-03-26 15:04:22,975 - INFO - Начало обновления таблицы...
2026-03-26 15:04:22,982 - INFO - В новом файле 6829 записей
2026-03-26 15:04:23,283 - INFO - ✓ Старые данные удалены
2026-03-26 15:04:26,254 - INFO -   Импортировано 1000 строк...
2026-03-26 15:04:28,522 - INFO -   Импортировано 2000 строк...
2026-03-26 15:04:30,791 - INFO -   Импортировано 3000 строк...
2026-03-26 15:04:33,181 - INFO -   Импортировано 4000 строк...
2026-03-26 15:04:35,499 - INFO -   Импортировано 5000 строк...
2026-03-26 15:04:37,795 - INFO -   Импортировано 6000 строк...
2026-03-26 15:04:39,868 - INFO - ✓ Всего импортировано: 6829 строк
2026-03-26 15:04:40,319 - INFO - 
================================================================================
2026-03-26 15:04:40,319 - INFO - ОБНОВЛЕНИЕ ЗАВЕРШЕНО УСПЕШНО
2026-03-26 15:04:40,319 - INFO - ================================================================================
2026-03-26 15:04:40,319 - INFO - Было записей: 6829
2026-03-26 15:04:40,319 - INFO - Стало записей: 6829
2026-03-26 15:04:40,319 - INFO - Изменение: +0
2026-03-26 15:04:40,319 - INFO - Время выполнения: 21.72 сек
2026-03-26 15:04:40,319 - INFO - ================================================================================
2026-03-26 15:04:40,319 - INFO - [SUCCESS] Обновлено 6829 записей за 21.72 сек
2026-03-26 15:04:40,320 - INFO - 
✓ Подключение к БД закрыто
2026-03-26 15:07:26,080 - INFO - ================================================================================
2026-03-26 15:07:26,081 - INFO - НАЧАЛО ОБНОВЛЕНИЯ ДАННЫХ SELECTYRE (v2 - UPSERT)
2026-03-26 15:07:26,081 - INFO - Время запуска: 2026-03-26 15:07:26
2026-03-26 15:07:26,081 - INFO - ================================================================================
2026-03-26 15:07:27,446 - INFO - ✓ Подключение к БД установлено
2026-03-26 15:07:27,893 - INFO - ✓ Поле updated_at проверено/добавлено
2026-03-26 15:07:28,335 - INFO - 
Текущее состояние БД:
2026-03-26 15:07:28,335 - INFO -   Записей: 6829
2026-03-26 15:07:28,335 - INFO -   Последнее создание: 2026-03-26 10:04:38.023452
2026-03-26 15:07:28,335 - INFO -   Последнее обновление: 2026-03-26 10:07:19.705406
2026-03-26 15:07:28,335 - INFO - Скачивание CSV из https://files.selectyre.ru/a42eab22-713d-4cf4-b618-b9b4d4a8d09c.csv...
2026-03-26 15:07:31,345 - INFO - ✓ CSV скачан успешно (2.22 MB)
2026-03-26 15:07:31,345 - INFO - Начало обновления таблицы...
2026-03-26 15:07:31,354 - INFO - В новом файле 6829 записей
2026-03-26 15:07:33,234 - INFO -   Обработано 500 строк...
2026-03-26 15:07:35,588 - INFO -   Обработано 1000 строк...
2026-03-26 15:07:37,292 - INFO -   Обработано 1500 строк...
2026-03-26 15:07:39,839 - INFO -   Обработано 2000 строк...
2026-03-26 15:07:41,608 - INFO -   Обработано 2500 строк...
2026-03-26 15:07:43,141 - INFO -   Обработано 3000 строк...
2026-03-26 15:07:44,631 - INFO -   Обработано 3500 строк...
2026-03-26 15:07:46,140 - INFO -   Обработано 4000 строк...
2026-03-26 15:07:47,859 - INFO -   Обработано 4500 строк...
2026-03-26 15:07:49,607 - INFO -   Обработано 5000 строк...
2026-03-26 15:07:52,115 - INFO -   Обработано 5500 строк...
2026-03-26 15:07:53,821 - INFO -   Обработано 6000 строк...
2026-03-26 15:07:55,230 - INFO -   Обработано 6500 строк...
2026-03-26 15:07:56,947 - INFO - ✓ Всего обработано: 6829 строк
2026-03-26 15:07:57,539 - INFO - 
================================================================================
2026-03-26 15:07:57,540 - INFO - ОБНОВЛЕНИЕ ЗАВЕРШЕНО УСПЕШНО
2026-03-26 15:07:57,540 - INFO - ================================================================================
2026-03-26 15:07:57,540 - INFO - Обработано записей из CSV: 6829
2026-03-26 15:07:57,542 - INFO - 
Статистика изменений:
2026-03-26 15:07:57,542 - INFO -   Было записей в БД: 6829
2026-03-26 15:07:57,542 - INFO -   Стало записей в БД: 6829
2026-03-26 15:07:57,542 - INFO -   Новых записей: 6829
2026-03-26 15:07:57,542 - INFO -   Обновленных записей: 0
2026-03-26 15:07:57,542 - INFO -   Без изменений: 0
2026-03-26 15:07:57,542 - INFO - 
Время выполнения: 31.46 сек
2026-03-26 15:07:57,542 - INFO - ================================================================================
2026-03-26 15:07:57,542 - INFO - [SUCCESS] Обработано 6829 записей за 31.46 сек
2026-03-26 15:07:57,543 - INFO - 
✓ Подключение к БД закрыто
2026-03-26 15:13:54,522 - INFO - ================================================================================
2026-03-26 15:13:54,522 - INFO - НАЧАЛО ОБНОВЛЕНИЯ ДАННЫХ SELECTYRE (v2 - UPSERT)
2026-03-26 15:13:54,522 - INFO - Время запуска: 2026-03-26 15:13:54
2026-03-26 15:13:54,522 - INFO - ================================================================================
2026-03-26 15:13:55,930 - INFO - ✓ Подключение к БД установлено
2026-03-26 15:13:56,381 - INFO - ✓ Поле updated_at проверено/добавлено
2026-03-26 15:13:56,848 - INFO - 
Текущее состояние БД:
2026-03-26 15:13:56,848 - INFO -   Записей: 6829
2026-03-26 15:13:56,848 - INFO -   Последнее создание: 2026-03-26 10:04:38.023452
2026-03-26 15:13:56,848 - INFO -   Последнее обновление: 2026-03-26 10:07:55.459707
2026-03-26 15:13:56,848 - INFO - Скачивание CSV из https://files.selectyre.ru/a42eab22-713d-4cf4-b618-b9b4d4a8d09c.csv...
2026-03-26 15:13:59,243 - INFO - ✓ CSV скачан успешно (2.22 MB)
2026-03-26 15:13:59,243 - INFO - Начало обновления таблицы...
2026-03-26 15:13:59,251 - INFO - В новом файле 6829 записей
2026-03-26 15:14:00,993 - INFO -   Обработано 500 строк...
2026-03-26 15:14:02,444 - INFO -   Обработано 1000 строк...
2026-03-26 15:14:03,895 - INFO -   Обработано 1500 строк...
2026-03-26 15:14:05,415 - INFO -   Обработано 2000 строк...
2026-03-26 15:14:06,836 - INFO -   Обработано 2500 строк...
2026-03-26 15:14:08,364 - INFO -   Обработано 3000 строк...
2026-03-26 15:14:09,731 - INFO -   Обработано 3500 строк...
2026-03-26 15:14:11,244 - INFO -   Обработано 4000 строк...
2026-03-26 15:14:12,694 - INFO -   Обработано 4500 строк...
2026-03-26 15:14:14,172 - INFO -   Обработано 5000 строк...
2026-03-26 15:14:15,697 - INFO -   Обработано 5500 строк...
2026-03-26 15:14:17,067 - INFO -   Обработано 6000 строк...
2026-03-26 15:14:18,603 - INFO -   Обработано 6500 строк...
2026-03-26 15:14:19,828 - INFO - ✓ Всего обработано: 6829 строк
2026-03-26 15:14:20,438 - INFO - 
================================================================================
2026-03-26 15:14:20,438 - INFO - ОБНОВЛЕНИЕ ЗАВЕРШЕНО УСПЕШНО
2026-03-26 15:14:20,438 - INFO - ================================================================================
2026-03-26 15:14:20,438 - INFO - Обработано записей из CSV: 6829
2026-03-26 15:14:20,438 - INFO - 
Статистика изменений:
2026-03-26 15:14:20,438 - INFO -   Было записей в БД: 6829
2026-03-26 15:14:20,438 - INFO -   Стало записей в БД: 6829
2026-03-26 15:14:20,438 - INFO -   Новых записей: 6829
2026-03-26 15:14:20,438 - INFO -   Обновленных записей: 0
2026-03-26 15:14:20,438 - INFO -   Без изменений: 0
2026-03-26 15:14:20,438 - INFO - 
Время выполнения: 25.92 сек
2026-03-26 15:14:20,439 - INFO - ================================================================================
2026-03-26 15:14:20,439 - INFO - [SUCCESS] Обработано 6829 записей за 25.92 сек
2026-03-26 15:14:20,440 - INFO - 
✓ Подключение к БД закрыто
2026-03-26 14:31:59,621 - INFO - ================================================================================
2026-03-26 14:31:59,621 - INFO - НАЧАЛО ОБНОВЛЕНИЯ ДАННЫХ SELECTYRE (v2 - UPSERT)
2026-03-26 14:31:59,622 - INFO - Время запуска: 2026-03-26 14:31:59
2026-03-26 14:31:59,622 - INFO - ================================================================================
2026-03-26 14:32:07,642 - ERROR - ✗ Ошибка подключения к БД: could not translate host name "c37e696087932476c61fd621.twc1.net" to address: Temporary failure in name resolution

2026-03-26 14:32:07,644 - ERROR - 
✗ КРИТИЧЕСКАЯ ОШИБКА: could not translate host name "c37e696087932476c61fd621.twc1.net" to address: Temporary failure in name resolution

2026-03-26 14:32:07,644 - INFO - [ERROR] Ошибка обновления: could not translate host name "c37e696087932476c61fd621.twc1.net" to address: Temporary failure in name resolution

