2026-03-26 15:14:20,526 - INFO - ================================================================================
2026-03-26 15:14:20,526 - INFO - НАЧАЛО ОБНОВЛЕНИЯ ДАННЫХ SELECTYRE RIMS (v2 - UPSERT)
2026-03-26 15:14:20,526 - INFO - Время запуска: 2026-03-26 15:14:20
2026-03-26 15:14:20,526 - INFO - ================================================================================
2026-03-26 15:14:21,881 - INFO - ✓ Подключение к БД установлено
2026-03-26 15:14:22,319 - INFO - 
Текущее состояние БД:
2026-03-26 15:14:22,319 - INFO -   Записей: 3005
2026-03-26 15:14:22,320 - INFO -   Последнее создание: 2026-03-26 10:11:38.972755
2026-03-26 15:14:22,320 - INFO -   Последнее обновление: 2026-03-26 10:11:38.972755
2026-03-26 15:14:22,320 - INFO - Скачивание CSV из https://files.selectyre.ru/6aaad4d8-68b1-43cc-a238-90432d7ffa94.csv...
2026-03-26 15:14:24,483 - INFO - ✓ CSV скачан успешно (1.25 MB)
2026-03-26 15:14:24,483 - INFO - Начало обновления таблицы...
2026-03-26 15:14:24,487 - INFO - В новом файле 3005 записей
2026-03-26 15:14:26,169 - INFO -   Обработано 500 строк...
2026-03-26 15:14:27,638 - INFO -   Обработано 1000 строк...
2026-03-26 15:14:29,089 - INFO -   Обработано 1500 строк...
2026-03-26 15:14:30,468 - INFO -   Обработано 2000 строк...
2026-03-26 15:14:31,923 - INFO -   Обработано 2500 строк...
2026-03-26 15:14:33,333 - INFO -   Обработано 3000 строк...
2026-03-26 15:14:33,774 - INFO - ✓ Всего обработано: 3005 строк
2026-03-26 15:14:34,367 - INFO - 
================================================================================
2026-03-26 15:14:34,368 - INFO - ОБНОВЛЕНИЕ ЗАВЕРШЕНО УСПЕШНО
2026-03-26 15:14:34,368 - INFO - ================================================================================
2026-03-26 15:14:34,368 - INFO - Обработано записей из CSV: 3005
2026-03-26 15:14:34,368 - INFO - 
Статистика изменений:
2026-03-26 15:14:34,368 - INFO -   Было записей в БД: 3005
2026-03-26 15:14:34,368 - INFO -   Стало записей в БД: 3005
2026-03-26 15:14:34,368 - INFO -   Новых записей: 3005
2026-03-26 15:14:34,368 - INFO -   Обновленных записей: 0
2026-03-26 15:14:34,368 - INFO -   Без изменений: 0
2026-03-26 15:14:34,368 - INFO - 
Время выполнения: 13.84 сек
2026-03-26 15:14:34,368 - INFO - ================================================================================
2026-03-26 15:14:34,368 - INFO - [SUCCESS] Обработано 3005 записей за 13.84 сек
2026-03-26 15:14:34,368 - INFO - 
✓ Подключение к БД закрыто
2026-03-26 14:32:07,718 - INFO - ================================================================================
2026-03-26 14:32:07,719 - INFO - НАЧАЛО ОБНОВЛЕНИЯ ДАННЫХ SELECTYRE RIMS (v2 - UPSERT)
2026-03-26 14:32:07,719 - INFO - Время запуска: 2026-03-26 14:32:07
2026-03-26 14:32:07,719 - INFO - ================================================================================
2026-03-26 14:32:10,557 - INFO - ✓ Подключение к БД установлено
2026-03-26 14:32:11,018 - INFO - 
Текущее состояние БД:
2026-03-26 14:32:11,020 - INFO -   Записей: 3005
2026-03-26 14:32:11,020 - INFO -   Последнее создание: 2026-03-26 10:11:38.972755
2026-03-26 14:32:11,020 - INFO -   Последнее обновление: 2026-03-26 10:14:33.551854
2026-03-26 14:32:11,021 - INFO - Скачивание CSV из https://files.selectyre.ru/6aaad4d8-68b1-43cc-a238-90432d7ffa94.csv...
2026-03-26 14:32:13,743 - INFO - ✓ CSV скачан успешно (1.25 MB)
2026-03-26 14:32:13,744 - INFO - Начало обновления таблицы...
2026-03-26 14:32:13,765 - INFO - В новом файле 3005 записей
2026-03-26 14:32:16,852 - INFO -   Обработано 500 строк...
2026-03-26 14:32:19,309 - INFO -   Обработано 1000 строк...
2026-03-26 14:32:21,645 - INFO -   Обработано 1500 строк...
2026-03-26 14:32:23,491 - INFO -   Обработано 2000 строк...
2026-03-26 14:32:25,150 - INFO -   Обработано 2500 строк...
2026-03-26 14:32:26,688 - INFO -   Обработано 3000 строк...
2026-03-26 14:32:27,150 - INFO - ✓ Всего обработано: 3005 строк
2026-03-26 14:32:27,765 - INFO - 
================================================================================
2026-03-26 14:32:27,766 - INFO - ОБНОВЛЕНИЕ ЗАВЕРШЕНО УСПЕШНО
2026-03-26 14:32:27,767 - INFO - ================================================================================
2026-03-26 14:32:27,767 - INFO - Обработано записей из CSV: 3005
2026-03-26 14:32:27,768 - INFO - 
Статистика изменений:
2026-03-26 14:32:27,768 - INFO -   Было записей в БД: 3005
2026-03-26 14:32:27,771 - INFO -   Стало записей в БД: 3005
2026-03-26 14:32:27,772 - INFO -   Новых записей: 3005
2026-03-26 14:32:27,772 - INFO -   Обновленных записей: 0
2026-03-26 14:32:27,772 - INFO -   Без изменений: 0
2026-03-26 14:32:27,772 - INFO - 
Время выполнения: 20.05 сек
2026-03-26 14:32:27,772 - INFO - ================================================================================
2026-03-26 14:32:27,773 - INFO - [SUCCESS] Обработано 3005 записей за 20.05 сек
2026-03-26 14:32:27,775 - INFO - 
✓ Подключение к БД закрыто
