2026-03-26 15:13:54,440 - INFO - 
================================================================================
2026-03-26 15:13:54,440 - INFO - НАЧАЛО ОБНОВЛЕНИЯ ВСЕХ ДАННЫХ SELECTYRE
2026-03-26 15:13:54,440 - INFO - Время запуска: 2026-03-26 15:13:54
2026-03-26 15:13:54,440 - INFO - ================================================================================
2026-03-26 15:13:54,440 - INFO - 
================================================================================
2026-03-26 15:13:54,440 - INFO - Запуск: Обновление данных о шинах
2026-03-26 15:13:54,440 - INFO - ================================================================================

2026-03-26 15:14:20,447 - ERROR - 2026-03-26 15:13:54,522 - INFO - ================================================================================
2026-03-26 15:14:20,447 - ERROR - 2026-03-26 15:13:54,522 - INFO - НАЧАЛО ОБНОВЛЕНИЯ ДАННЫХ SELECTYRE (v2 - UPSERT)
2026-03-26 15:14:20,447 - ERROR - 2026-03-26 15:13:54,522 - INFO - Время запуска: 2026-03-26 15:13:54
2026-03-26 15:14:20,447 - ERROR - 2026-03-26 15:13:54,522 - INFO - ================================================================================
2026-03-26 15:14:20,447 - ERROR - 2026-03-26 15:13:55,930 - INFO - ✓ Подключение к БД установлено
2026-03-26 15:14:20,447 - ERROR - 2026-03-26 15:13:56,381 - INFO - ✓ Поле updated_at проверено/добавлено
2026-03-26 15:14:20,447 - ERROR - 2026-03-26 15:13:56,848 - INFO - 
2026-03-26 15:14:20,447 - ERROR - Текущее состояние БД:
2026-03-26 15:14:20,447 - ERROR - 2026-03-26 15:13:56,848 - INFO -   Записей: 6829
2026-03-26 15:14:20,447 - ERROR - 2026-03-26 15:13:56,848 - INFO -   Последнее создание: 2026-03-26 10:04:38.023452
2026-03-26 15:14:20,447 - ERROR - 2026-03-26 15:13:56,848 - INFO -   Последнее обновление: 2026-03-26 10:07:55.459707
2026-03-26 15:14:20,447 - ERROR - 2026-03-26 15:13:56,848 - INFO - Скачивание CSV из https://files.selectyre.ru/a42eab22-713d-4cf4-b618-b9b4d4a8d09c.csv...
2026-03-26 15:14:20,447 - ERROR - 2026-03-26 15:13:59,243 - INFO - ✓ CSV скачан успешно (2.22 MB)
2026-03-26 15:14:20,447 - ERROR - 2026-03-26 15:13:59,243 - INFO - Начало обновления таблицы...
2026-03-26 15:14:20,447 - ERROR - 2026-03-26 15:13:59,251 - INFO - В новом файле 6829 записей
2026-03-26 15:14:20,447 - ERROR - 2026-03-26 15:14:00,993 - INFO -   Обработано 500 строк...
2026-03-26 15:14:20,447 - ERROR - 2026-03-26 15:14:02,444 - INFO -   Обработано 1000 строк...
2026-03-26 15:14:20,447 - ERROR - 2026-03-26 15:14:03,895 - INFO -   Обработано 1500 строк...
2026-03-26 15:14:20,447 - ERROR - 2026-03-26 15:14:05,415 - INFO -   Обработано 2000 строк...
2026-03-26 15:14:20,447 - ERROR - 2026-03-26 15:14:06,836 - INFO -   Обработано 2500 строк...
2026-03-26 15:14:20,447 - ERROR - 2026-03-26 15:14:08,364 - INFO -   Обработано 3000 строк...
2026-03-26 15:14:20,447 - ERROR - 2026-03-26 15:14:09,731 - INFO -   Обработано 3500 строк...
2026-03-26 15:14:20,447 - ERROR - 2026-03-26 15:14:11,244 - INFO -   Обработано 4000 строк...
2026-03-26 15:14:20,448 - ERROR - 2026-03-26 15:14:12,694 - INFO -   Обработано 4500 строк...
2026-03-26 15:14:20,448 - ERROR - 2026-03-26 15:14:14,172 - INFO -   Обработано 5000 строк...
2026-03-26 15:14:20,448 - ERROR - 2026-03-26 15:14:15,697 - INFO -   Обработано 5500 строк...
2026-03-26 15:14:20,448 - ERROR - 2026-03-26 15:14:17,067 - INFO -   Обработано 6000 строк...
2026-03-26 15:14:20,448 - ERROR - 2026-03-26 15:14:18,603 - INFO -   Обработано 6500 строк...
2026-03-26 15:14:20,448 - ERROR - 2026-03-26 15:14:19,828 - INFO - ✓ Всего обработано: 6829 строк
2026-03-26 15:14:20,448 - ERROR - 2026-03-26 15:14:20,438 - INFO - 
2026-03-26 15:14:20,448 - ERROR - ================================================================================
2026-03-26 15:14:20,448 - ERROR - 2026-03-26 15:14:20,438 - INFO - ОБНОВЛЕНИЕ ЗАВЕРШЕНО УСПЕШНО
2026-03-26 15:14:20,448 - ERROR - 2026-03-26 15:14:20,438 - INFO - ================================================================================
2026-03-26 15:14:20,448 - ERROR - 2026-03-26 15:14:20,438 - INFO - Обработано записей из CSV: 6829
2026-03-26 15:14:20,448 - ERROR - 2026-03-26 15:14:20,438 - INFO - 
2026-03-26 15:14:20,448 - ERROR - Статистика изменений:
2026-03-26 15:14:20,448 - ERROR - 2026-03-26 15:14:20,438 - INFO -   Было записей в БД: 6829
2026-03-26 15:14:20,448 - ERROR - 2026-03-26 15:14:20,438 - INFO -   Стало записей в БД: 6829
2026-03-26 15:14:20,448 - ERROR - 2026-03-26 15:14:20,438 - INFO -   Новых записей: 6829
2026-03-26 15:14:20,448 - ERROR - 2026-03-26 15:14:20,438 - INFO -   Обновленных записей: 0
2026-03-26 15:14:20,448 - ERROR - 2026-03-26 15:14:20,438 - INFO -   Без изменений: 0
2026-03-26 15:14:20,448 - ERROR - 2026-03-26 15:14:20,438 - INFO - 
2026-03-26 15:14:20,448 - ERROR - Время выполнения: 25.92 сек
2026-03-26 15:14:20,448 - ERROR - 2026-03-26 15:14:20,439 - INFO - ================================================================================
2026-03-26 15:14:20,448 - ERROR - 2026-03-26 15:14:20,439 - INFO - [SUCCESS] Обработано 6829 записей за 25.92 сек
2026-03-26 15:14:20,448 - ERROR - 2026-03-26 15:14:20,440 - INFO - 
2026-03-26 15:14:20,448 - ERROR - ✓ Подключение к БД закрыто
2026-03-26 15:14:20,448 - INFO - ✓ Обновление данных о шинах завершено успешно
2026-03-26 15:14:20,448 - INFO - 
================================================================================
2026-03-26 15:14:20,448 - INFO - Запуск: Обновление данных о дисках
2026-03-26 15:14:20,448 - INFO - ================================================================================

2026-03-26 15:14:34,377 - ERROR - 2026-03-26 15:14:20,526 - INFO - ================================================================================
2026-03-26 15:14:34,378 - ERROR - 2026-03-26 15:14:20,526 - INFO - НАЧАЛО ОБНОВЛЕНИЯ ДАННЫХ SELECTYRE RIMS (v2 - UPSERT)
2026-03-26 15:14:34,378 - ERROR - 2026-03-26 15:14:20,526 - INFO - Время запуска: 2026-03-26 15:14:20
2026-03-26 15:14:34,378 - ERROR - 2026-03-26 15:14:20,526 - INFO - ================================================================================
2026-03-26 15:14:34,378 - ERROR - 2026-03-26 15:14:21,881 - INFO - ✓ Подключение к БД установлено
2026-03-26 15:14:34,378 - ERROR - 2026-03-26 15:14:22,319 - INFO - 
2026-03-26 15:14:34,378 - ERROR - Текущее состояние БД:
2026-03-26 15:14:34,378 - ERROR - 2026-03-26 15:14:22,319 - INFO -   Записей: 3005
2026-03-26 15:14:34,378 - ERROR - 2026-03-26 15:14:22,320 - INFO -   Последнее создание: 2026-03-26 10:11:38.972755
2026-03-26 15:14:34,378 - ERROR - 2026-03-26 15:14:22,320 - INFO -   Последнее обновление: 2026-03-26 10:11:38.972755
2026-03-26 15:14:34,378 - ERROR - 2026-03-26 15:14:22,320 - INFO - Скачивание CSV из https://files.selectyre.ru/6aaad4d8-68b1-43cc-a238-90432d7ffa94.csv...
2026-03-26 15:14:34,378 - ERROR - 2026-03-26 15:14:24,483 - INFO - ✓ CSV скачан успешно (1.25 MB)
2026-03-26 15:14:34,378 - ERROR - 2026-03-26 15:14:24,483 - INFO - Начало обновления таблицы...
2026-03-26 15:14:34,378 - ERROR - 2026-03-26 15:14:24,487 - INFO - В новом файле 3005 записей
2026-03-26 15:14:34,378 - ERROR - 2026-03-26 15:14:26,169 - INFO -   Обработано 500 строк...
2026-03-26 15:14:34,378 - ERROR - 2026-03-26 15:14:27,638 - INFO -   Обработано 1000 строк...
2026-03-26 15:14:34,378 - ERROR - 2026-03-26 15:14:29,089 - INFO -   Обработано 1500 строк...
2026-03-26 15:14:34,378 - ERROR - 2026-03-26 15:14:30,468 - INFO -   Обработано 2000 строк...
2026-03-26 15:14:34,378 - ERROR - 2026-03-26 15:14:31,923 - INFO -   Обработано 2500 строк...
2026-03-26 15:14:34,378 - ERROR - 2026-03-26 15:14:33,333 - INFO -   Обработано 3000 строк...
2026-03-26 15:14:34,378 - ERROR - 2026-03-26 15:14:33,774 - INFO - ✓ Всего обработано: 3005 строк
2026-03-26 15:14:34,378 - ERROR - 2026-03-26 15:14:34,367 - INFO - 
2026-03-26 15:14:34,378 - ERROR - ================================================================================
2026-03-26 15:14:34,379 - ERROR - 2026-03-26 15:14:34,368 - INFO - ОБНОВЛЕНИЕ ЗАВЕРШЕНО УСПЕШНО
2026-03-26 15:14:34,379 - ERROR - 2026-03-26 15:14:34,368 - INFO - ================================================================================
2026-03-26 15:14:34,379 - ERROR - 2026-03-26 15:14:34,368 - INFO - Обработано записей из CSV: 3005
2026-03-26 15:14:34,379 - ERROR - 2026-03-26 15:14:34,368 - INFO - 
2026-03-26 15:14:34,379 - ERROR - Статистика изменений:
2026-03-26 15:14:34,379 - ERROR - 2026-03-26 15:14:34,368 - INFO -   Было записей в БД: 3005
2026-03-26 15:14:34,379 - ERROR - 2026-03-26 15:14:34,368 - INFO -   Стало записей в БД: 3005
2026-03-26 15:14:34,379 - ERROR - 2026-03-26 15:14:34,368 - INFO -   Новых записей: 3005
2026-03-26 15:14:34,379 - ERROR - 2026-03-26 15:14:34,368 - INFO -   Обновленных записей: 0
2026-03-26 15:14:34,379 - ERROR - 2026-03-26 15:14:34,368 - INFO -   Без изменений: 0
2026-03-26 15:14:34,379 - ERROR - 2026-03-26 15:14:34,368 - INFO - 
2026-03-26 15:14:34,379 - ERROR - Время выполнения: 13.84 сек
2026-03-26 15:14:34,379 - ERROR - 2026-03-26 15:14:34,368 - INFO - ================================================================================
2026-03-26 15:14:34,379 - ERROR - 2026-03-26 15:14:34,368 - INFO - [SUCCESS] Обработано 3005 записей за 13.84 сек
2026-03-26 15:14:34,379 - ERROR - 2026-03-26 15:14:34,368 - INFO - 
2026-03-26 15:14:34,379 - ERROR - ✓ Подключение к БД закрыто
2026-03-26 15:14:34,379 - INFO - ✓ Обновление данных о дисках завершено успешно
2026-03-26 15:14:34,379 - INFO - 
================================================================================
2026-03-26 15:14:34,379 - INFO - ИТОГОВАЯ СТАТИСТИКА
2026-03-26 15:14:34,379 - INFO - ================================================================================
2026-03-26 15:14:34,379 - INFO - Шины (Tires):  ✓ Успешно
2026-03-26 15:14:34,379 - INFO - Диски (Rims):  ✓ Успешно
2026-03-26 15:14:34,379 - INFO - Общее время:   39.94 сек
2026-03-26 15:14:34,379 - INFO - ================================================================================
2026-03-26 15:14:34,379 - INFO - 
✓ Все обновления завершены успешно!
2026-03-26 14:31:59,534 - INFO - 
================================================================================
2026-03-26 14:31:59,535 - INFO - НАЧАЛО ОБНОВЛЕНИЯ ВСЕХ ДАННЫХ SELECTYRE
2026-03-26 14:31:59,535 - INFO - Время запуска: 2026-03-26 14:31:59
2026-03-26 14:31:59,536 - INFO - ================================================================================
2026-03-26 14:31:59,536 - INFO - 
================================================================================
2026-03-26 14:31:59,536 - INFO - Запуск: Обновление данных о шинах
2026-03-26 14:31:59,536 - INFO - ================================================================================

2026-03-26 14:32:07,658 - ERROR - 2026-03-26 14:31:59,621 - INFO - ================================================================================
2026-03-26 14:32:07,659 - ERROR - 2026-03-26 14:31:59,621 - INFO - НАЧАЛО ОБНОВЛЕНИЯ ДАННЫХ SELECTYRE (v2 - UPSERT)
2026-03-26 14:32:07,659 - ERROR - 2026-03-26 14:31:59,622 - INFO - Время запуска: 2026-03-26 14:31:59
2026-03-26 14:32:07,659 - ERROR - 2026-03-26 14:31:59,622 - INFO - ================================================================================
2026-03-26 14:32:07,659 - ERROR - 2026-03-26 14:32:07,642 - ERROR - ✗ Ошибка подключения к БД: could not translate host name "c37e696087932476c61fd621.twc1.net" to address: Temporary failure in name resolution
2026-03-26 14:32:07,660 - ERROR - 2026-03-26 14:32:07,644 - ERROR - 
2026-03-26 14:32:07,660 - ERROR - ✗ КРИТИЧЕСКАЯ ОШИБКА: could not translate host name "c37e696087932476c61fd621.twc1.net" to address: Temporary failure in name resolution
2026-03-26 14:32:07,660 - ERROR - 2026-03-26 14:32:07,644 - INFO - [ERROR] Ошибка обновления: could not translate host name "c37e696087932476c61fd621.twc1.net" to address: Temporary failure in name resolution
2026-03-26 14:32:07,660 - ERROR - ✗ Обновление данных о шинах завершилось с ошибкой (код: 1)
2026-03-26 14:32:07,660 - INFO - 
================================================================================
2026-03-26 14:32:07,660 - INFO - Запуск: Обновление данных о дисках
2026-03-26 14:32:07,661 - INFO - ================================================================================

2026-03-26 14:32:27,802 - ERROR - 2026-03-26 14:32:07,718 - INFO - ================================================================================
2026-03-26 14:32:27,804 - ERROR - 2026-03-26 14:32:07,719 - INFO - НАЧАЛО ОБНОВЛЕНИЯ ДАННЫХ SELECTYRE RIMS (v2 - UPSERT)
2026-03-26 14:32:27,804 - ERROR - 2026-03-26 14:32:07,719 - INFO - Время запуска: 2026-03-26 14:32:07
2026-03-26 14:32:27,804 - ERROR - 2026-03-26 14:32:07,719 - INFO - ================================================================================
2026-03-26 14:32:27,804 - ERROR - 2026-03-26 14:32:10,557 - INFO - ✓ Подключение к БД установлено
2026-03-26 14:32:27,805 - ERROR - 2026-03-26 14:32:11,018 - INFO - 
2026-03-26 14:32:27,805 - ERROR - Текущее состояние БД:
2026-03-26 14:32:27,805 - ERROR - 2026-03-26 14:32:11,020 - INFO -   Записей: 3005
2026-03-26 14:32:27,805 - ERROR - 2026-03-26 14:32:11,020 - INFO -   Последнее создание: 2026-03-26 10:11:38.972755
2026-03-26 14:32:27,805 - ERROR - 2026-03-26 14:32:11,020 - INFO -   Последнее обновление: 2026-03-26 10:14:33.551854
2026-03-26 14:32:27,805 - ERROR - 2026-03-26 14:32:11,021 - INFO - Скачивание CSV из https://files.selectyre.ru/6aaad4d8-68b1-43cc-a238-90432d7ffa94.csv...
2026-03-26 14:32:27,805 - ERROR - 2026-03-26 14:32:13,743 - INFO - ✓ CSV скачан успешно (1.25 MB)
2026-03-26 14:32:27,805 - ERROR - 2026-03-26 14:32:13,744 - INFO - Начало обновления таблицы...
2026-03-26 14:32:27,805 - ERROR - 2026-03-26 14:32:13,765 - INFO - В новом файле 3005 записей
2026-03-26 14:32:27,806 - ERROR - 2026-03-26 14:32:16,852 - INFO -   Обработано 500 строк...
2026-03-26 14:32:27,806 - ERROR - 2026-03-26 14:32:19,309 - INFO -   Обработано 1000 строк...
2026-03-26 14:32:27,806 - ERROR - 2026-03-26 14:32:21,645 - INFO -   Обработано 1500 строк...
2026-03-26 14:32:27,806 - ERROR - 2026-03-26 14:32:23,491 - INFO -   Обработано 2000 строк...
2026-03-26 14:32:27,806 - ERROR - 2026-03-26 14:32:25,150 - INFO -   Обработано 2500 строк...
2026-03-26 14:32:27,806 - ERROR - 2026-03-26 14:32:26,688 - INFO -   Обработано 3000 строк...
2026-03-26 14:32:27,807 - ERROR - 2026-03-26 14:32:27,150 - INFO - ✓ Всего обработано: 3005 строк
2026-03-26 14:32:27,807 - ERROR - 2026-03-26 14:32:27,765 - INFO - 
2026-03-26 14:32:27,807 - ERROR - ================================================================================
2026-03-26 14:32:27,807 - ERROR - 2026-03-26 14:32:27,766 - INFO - ОБНОВЛЕНИЕ ЗАВЕРШЕНО УСПЕШНО
2026-03-26 14:32:27,807 - ERROR - 2026-03-26 14:32:27,767 - INFO - ================================================================================
2026-03-26 14:32:27,808 - ERROR - 2026-03-26 14:32:27,767 - INFO - Обработано записей из CSV: 3005
2026-03-26 14:32:27,808 - ERROR - 2026-03-26 14:32:27,768 - INFO - 
2026-03-26 14:32:27,808 - ERROR - Статистика изменений:
2026-03-26 14:32:27,808 - ERROR - 2026-03-26 14:32:27,768 - INFO -   Было записей в БД: 3005
2026-03-26 14:32:27,808 - ERROR - 2026-03-26 14:32:27,771 - INFO -   Стало записей в БД: 3005
2026-03-26 14:32:27,808 - ERROR - 2026-03-26 14:32:27,772 - INFO -   Новых записей: 3005
2026-03-26 14:32:27,808 - ERROR - 2026-03-26 14:32:27,772 - INFO -   Обновленных записей: 0
2026-03-26 14:32:27,808 - ERROR - 2026-03-26 14:32:27,772 - INFO -   Без изменений: 0
2026-03-26 14:32:27,809 - ERROR - 2026-03-26 14:32:27,772 - INFO - 
2026-03-26 14:32:27,809 - ERROR - Время выполнения: 20.05 сек
2026-03-26 14:32:27,809 - ERROR - 2026-03-26 14:32:27,772 - INFO - ================================================================================
2026-03-26 14:32:27,809 - ERROR - 2026-03-26 14:32:27,773 - INFO - [SUCCESS] Обработано 3005 записей за 20.05 сек
2026-03-26 14:32:27,809 - ERROR - 2026-03-26 14:32:27,775 - INFO - 
2026-03-26 14:32:27,809 - ERROR - ✓ Подключение к БД закрыто
2026-03-26 14:32:27,809 - INFO - ✓ Обновление данных о дисках завершено успешно
2026-03-26 14:32:27,809 - INFO - 
================================================================================
2026-03-26 14:32:27,810 - INFO - ИТОГОВАЯ СТАТИСТИКА
2026-03-26 14:32:27,810 - INFO - ================================================================================
2026-03-26 14:32:27,810 - INFO - Шины (Tires):  ✗ Ошибка
2026-03-26 14:32:27,810 - INFO - Диски (Rims):  ✓ Успешно
2026-03-26 14:32:27,810 - INFO - Общее время:   28.28 сек
2026-03-26 14:32:27,810 - INFO - ================================================================================
2026-03-26 14:32:27,811 - ERROR - 
⚠ Некоторые обновления завершились с ошибками!
